2025-10-09 16:25:12 | ERROR   | LangManager | {"timestamp": "2025-10-09T16:25:12.028725", "event": "ERROR", "data": {"action": "LANG_LOAD_FAIL", "error": "[WinError 3] The system cannot find the path specified: 'T:\\\\TunaRP\\\\Zero to Dev - Developer GUI\\\\language_manager\\\\langs'"}}
2025-10-09 16:25:12 | ERROR   | Main | {"timestamp": "2025-10-09T16:25:12.050807", "event": "ERROR", "data": {"action": "APP_CRASH", "error": "name 'lang_manager' is not defined"}}
2025-10-09 16:25:33 | ERROR   | LangManager | {"timestamp": "2025-10-09T16:25:33.199285", "event": "ERROR", "data": {"action": "LANG_LOAD_FAIL", "error": "[WinError 3] The system cannot find the path specified: 'T:\\\\TunaRP\\\\Zero to Dev - Developer GUI\\\\language_manager\\\\langs'"}}
2025-10-09 16:29:00 | WARNING | LangManager | {"timestamp": "2025-10-09T16:29:00.884077", "event": "WARNING", "data": {"action": "LANG_DIR_MISSING", "message": "Language directory not found: T:\\TunaRP\\Zero to Dev - Developer GUI\\language_manager\\langs"}}
2025-10-09 16:29:00 | WARNING | LangManager | {"timestamp": "2025-10-09T16:29:00.895077", "event": "WARNING", "data": {"action": "LANG_LOAD_EMPTY", "message": "No language files found in: T:\\TunaRP\\Zero to Dev - Developer GUI\\language_manager\\langs"}}
2025-10-11 01:58:52 | ERROR   | LangManager | {"timestamp": "2025-10-11T01:58:52.540132", "event": "ERROR", "data": {"action": "LANG_FILE_INVALID", "error": "english.json: Expecting property name enclosed in double quotes: line 31 column 1 (char 1084)"}}
2025-10-11 01:58:52 | ERROR   | LangManager | {"timestamp": "2025-10-11T01:58:52.554632", "event": "ERROR", "data": {"action": "LANG_FILE_INVALID", "error": "german.json: Expecting property name enclosed in double quotes: line 31 column 1 (char 1187)"}}
2025-10-11 01:58:52 | ERROR   | LangManager | {"timestamp": "2025-10-11T01:58:52.568138", "event": "ERROR", "data": {"action": "LANG_FILE_INVALID", "error": "turkish.json: Expecting property name enclosed in double quotes: line 31 column 1 (char 1129)"}}
2025-10-11 01:58:52 | WARNING | LangManager | {"timestamp": "2025-10-11T01:58:52.579510", "event": "WARNING", "data": {"action": "LANG_LOAD_EMPTY", "message": "No language files found in: T:\\TunaRP\\Zero to Dev - Developer GUI\\langs"}}
2025-10-12 00:41:59 | ERROR   | TTSMenuApp | {"timestamp": "2025-10-12T00:41:59.523473", "event": "ERROR", "data": {"action": "MARKUP_FAIL", "error": "TTS failed after 1 attempts: No text to send to TTS API"}}
2025-10-12 00:44:49 | ERROR   | TTSMenuApp | {"timestamp": "2025-10-12T00:44:49.825841", "event": "ERROR", "data": {"action": "MARKUP_FAIL", "error": "TTS failed after 1 attempts: No text to send to TTS API"}}
2025-10-12 00:45:41 | ERROR   | TTSMenuApp | {"timestamp": "2025-10-12T00:45:41.922388", "event": "ERROR", "data": {"action": "MARKUP_FAIL", "error": "TTS failed after 1 attempts: No text to send to TTS API"}}
2025-10-12 00:47:09 | ERROR   | TTSMenuApp | {"timestamp": "2025-10-12T00:47:09.305473", "event": "ERROR", "data": {"action": "MARKUP_FAIL", "error": "TTS failed after 1 attempts: No text to send to TTS API"}}
2025-10-12 00:58:22 | ERROR   | TTSMenuApp | {"timestamp": "2025-10-12T00:58:22.909254", "event": "ERROR", "data": {"action": "CONVERT_FAIL", "error": "Unknown TTS service: "}}
2025-10-12 01:03:41 | ERROR   | TTSMenuApp | {"timestamp": "2025-10-12T01:03:41.580131", "event": "ERROR", "data": {"action": "CONVERT_FAIL", "error": "Unknown TTS service: "}}
2025-10-12 01:05:30 | ERROR   | TTSMenuApp | {"timestamp": "2025-10-12T01:05:30.689945", "event": "ERROR", "data": {"action": "CONVERT_FAIL", "error": "TTS failed after 1 attempts: No text to send to TTS API"}}
2025-10-12 01:05:45 | ERROR   | TTSMenuApp | {"timestamp": "2025-10-12T01:05:45.614806", "event": "ERROR", "data": {"action": "CONVERT_FAIL", "error": "'NoneType' object has no attribute 'split'"}}
2025-10-12 01:06:15 | ERROR   | TTSMenuApp | {"timestamp": "2025-10-12T01:06:15.719625", "event": "ERROR", "data": {"action": "CONVERT_FAIL", "error": "'NoneType' object has no attribute 'split'"}}
2025-10-12 01:13:39 | ERROR   | TTSMenuApp | {"timestamp": "2025-10-12T01:13:39.223880", "event": "ERROR", "data": {"action": "CONVERT_FAIL", "error": "TTS failed after 1 attempts: No text to send to TTS API"}}
2025-10-12 01:13:53 | ERROR   | TTSMenuApp | {"timestamp": "2025-10-12T01:13:53.495818", "event": "ERROR", "data": {"action": "CONVERT_FAIL", "error": "TTS failed after 1 attempts: No text to send to TTS API"}}
2025-10-12 17:40:16 | ERROR   | TTSMenuApp | {"timestamp": "2025-10-12T17:40:16.832798", "event": "ERROR", "data": {"action": "CONVERT_FAIL", "error": "TTS failed after 1 attempts: No audio was received. Please verify that your parameters are correct."}}
2025-10-12 17:41:29 | ERROR   | TTSMenuApp | {"timestamp": "2025-10-12T17:41:29.906829", "event": "ERROR", "data": {"action": "CONVERT_FAIL", "error": "TTS failed after 1 attempts: No text to send to TTS API"}}
2025-10-12 17:42:35 | ERROR   | TTSMenuApp | {"timestamp": "2025-10-12T17:42:35.474181", "event": "ERROR", "data": {"action": "CONVERT_FAIL", "error": "TTS failed after 1 attempts: No text to send to TTS API"}}
2025-10-12 17:43:18 | ERROR   | TTSMenuApp | {"timestamp": "2025-10-12T17:43:18.046268", "event": "ERROR", "data": {"action": "CONVERT_FAIL", "error": "TTS failed after 1 attempts: No text to send to TTS API"}}
2025-10-12 20:30:21 | ERROR   | TTSMenuApp | {"timestamp": "2025-10-12T20:30:21.503878", "event": "ERROR", "data": {"action": "CONVERT_FAIL", "error": "TTS failed after 1 attempts: No audio was received. Please verify that your parameters are correct."}}
2025-10-12 20:30:26 | ERROR   | TTSMenuApp | {"timestamp": "2025-10-12T20:30:26.686430", "event": "ERROR", "data": {"action": "CONVERT_FAIL", "error": "TTS failed after 1 attempts: No text to send to TTS API"}}
2025-10-12 20:33:43 | ERROR   | TTSMenuApp | {"timestamp": "2025-10-12T20:33:43.593506", "event": "ERROR", "data": {"action": "CONVERT_FAIL", "error": "Unknown TTS service: "}}
2025-10-12 20:35:06 | ERROR   | TTSMenuApp | {"timestamp": "2025-10-12T20:35:06.012590", "event": "ERROR", "data": {"action": "CONVERT_FAIL", "error": "Unknown TTS service: "}}
2025-10-12 20:53:23 | ERROR   | TTSMenuApp | {"timestamp": "2025-10-12T20:53:23.107351", "event": "ERROR", "data": {"action": "CONVERT_FAIL", "error": "TTS failed after 1 attempts: No audio was received. Please verify that your parameters are correct."}}
2025-10-12 20:53:37 | ERROR   | TTSMenuApp | {"timestamp": "2025-10-12T20:53:37.683224", "event": "ERROR", "data": {"action": "CONVERT_FAIL", "error": "TTS failed after 1 attempts: No audio was received. Please verify that your parameters are correct."}}
2025-10-14 00:20:21 | WARNING | LangManager | {"timestamp": "2025-10-14T00:20:21.368113", "event": "WARNING", "data": {"action": "LANG_DIR_MISSING", "message": "Language directory not found: T:\\TunaRP\\Zero to Dev - Developer GUI\\language_manager\\langs"}}
2025-10-14 00:20:21 | WARNING | LangManager | {"timestamp": "2025-10-14T00:20:21.380743", "event": "WARNING", "data": {"action": "LANG_LOAD_EMPTY", "message": "No language files found in: T:\\TunaRP\\Zero to Dev - Developer GUI\\language_manager\\langs"}}
2025-10-14 00:20:30 | WARNING | LangManager | {"timestamp": "2025-10-14T00:20:30.898998", "event": "WARNING", "data": {"action": "LANG_LOAD_EMPTY", "message": "No language files found in: T:\\TunaRP\\Zero to Dev - Developer GUI\\language_manager\\langs"}}
2025-10-14 00:21:28 | WARNING | LangManager | {"timestamp": "2025-10-14T00:21:28.644252", "event": "WARNING", "data": {"action": "LANG_LOAD_EMPTY", "message": "No language files found in: T:\\TunaRP\\Zero to Dev - Developer GUI\\language_manager\\langs"}}
2025-10-14 17:15:03 | ERROR   | TTSMenuApp | {"timestamp": "2025-10-14T17:15:03.265770", "event": "ERROR", "data": {"action": "PREVIEW", "error": "Unknown TTS service: "}}
2025-10-14 17:19:13 | ERROR   | TTSMenuApp | {"timestamp": "2025-10-14T17:19:13.732538", "event": "ERROR", "data": {"action": "PREVIEW", "error": "Unknown TTS service: "}}
2025-10-16 00:19:23 | ERROR   | TTSMenuApp | {"timestamp": "2025-10-16T00:19:23.120038", "event": "ERROR", "data": {"action": "PREVIEW_FAIL", "error": "TTS failed after 1 attempts: No audio was received. Please verify that your parameters are correct."}}
2025-10-16 00:20:47 | ERROR   | TTSMenuApp | {"timestamp": "2025-10-16T00:20:47.305162", "event": "ERROR", "data": {"action": "PREVIEW_FAIL", "error": "'NoneType' object has no attribute 'interpret'"}}
2025-10-16 00:20:52 | ERROR   | TTSMenuApp | {"timestamp": "2025-10-16T00:20:52.994366", "event": "ERROR", "data": {"action": "PREVIEW_FAIL", "error": "'NoneType' object has no attribute 'interpret'"}}
2025-10-16 00:21:03 | ERROR   | TTSMenuApp | {"timestamp": "2025-10-16T00:21:03.630547", "event": "ERROR", "data": {"action": "PREVIEW_FAIL", "error": "'NoneType' object has no attribute 'interpret'"}}
2025-10-16 00:27:45 | ERROR   | TTSMenuApp | {"timestamp": "2025-10-16T00:27:45.474375", "event": "ERROR", "data": {"action": "PREVIEW_FAIL", "error": "TTS failed after 1 attempts: No audio was received. Please verify that your parameters are correct."}}
2025-10-16 14:19:56 | ERROR   | TTSMenuApp | {"timestamp": "2025-10-16T14:19:56.630096", "event": "ERROR", "data": {"action": "PREVIEW", "error": "Unknown TTS service: "}}
2025-10-16 14:58:20 | ERROR   | TTSMenuApp | {"timestamp": "2025-10-16T14:58:20.972664", "event": "ERROR", "data": {"action": "PREVIEW", "error": "Unknown TTS service: "}}
2025-10-16 15:46:36 | ERROR   | TTSMenuApp | {"timestamp": "2025-10-16T15:46:36.420803", "event": "ERROR", "data": {"action": "PREVIEW", "error": "No text entered"}}
2025-10-16 15:49:34 | ERROR   | TTSMenuApp | {"timestamp": "2025-10-16T15:49:34.817143", "event": "ERROR", "data": {"action": "PREVIEW", "error": "No text entered"}}
2025-10-16 15:49:36 | ERROR   | TTSMenuApp | {"timestamp": "2025-10-16T15:49:36.624085", "event": "ERROR", "data": {"action": "CONVERT_FAIL", "error": "No text entered"}}
2025-10-16 15:49:38 | ERROR   | TTSMenuApp | {"timestamp": "2025-10-16T15:49:38.161183", "event": "ERROR", "data": {"action": "PREVIEW", "error": "No text entered"}}
2025-10-16 15:55:01 | ERROR   | TTSMenuApp | {"timestamp": "2025-10-16T15:55:01.870097", "event": "ERROR", "data": {"action": "PREVIEW", "error": "No text entered"}}
2025-10-16 15:55:03 | ERROR   | TTSMenuApp | {"timestamp": "2025-10-16T15:55:03.398621", "event": "ERROR", "data": {"action": "PREVIEW", "error": "No text entered"}}
2025-10-16 15:55:05 | ERROR   | TTSMenuApp | {"timestamp": "2025-10-16T15:55:05.108738", "event": "ERROR", "data": {"action": "CONVERT_FAIL", "error": "No text entered"}}
2025-10-16 16:04:27 | WARNING | TTSMenuApp | {"timestamp": "2025-10-16T16:04:27.313245", "event": "WARNING", "data": {"action": "ZIP_PASSWORD", "message": "Password protection enabled but no password was set."}}
2025-10-17 20:39:46 | ERROR   | TTSMenuApp | {"timestamp": "2025-10-17T20:39:46.341530", "event": "ERROR", "data": {"action": "PREVIEW_FAIL", "error": "TTS failed after 1 attempts: No text to send to TTS API"}}
2025-10-17 20:46:25 | ERROR   | TTSMenuApp | {"timestamp": "2025-10-17T20:46:25.903507", "event": "ERROR", "data": {"action": "PREVIEW", "error": "Unknown TTS service: "}}
2025-10-17 20:48:13 | ERROR   | TTSMenuApp | {"timestamp": "2025-10-17T20:48:13.486832", "event": "ERROR", "data": {"action": "PREVIEW", "error": "Unknown TTS service: "}}
2025-10-17 20:48:16 | ERROR   | TTSMenuApp | {"timestamp": "2025-10-17T20:48:16.808758", "event": "ERROR", "data": {"action": "PREVIEW_FAIL", "error": "cannot import name 'format_phone_number' from 'markup.utils.sayaslangmanager.PhoneFormatter' (T:\\TunaRP\\Zero to Dev - Developer GUI\\markup\\utils\\sayaslangmanager\\PhoneFormatter.py)"}}
2025-10-17 20:48:23 | ERROR   | TTSMenuApp | {"timestamp": "2025-10-17T20:48:23.860506", "event": "ERROR", "data": {"action": "PREVIEW_FAIL", "error": "cannot import name 'format_phone_number' from 'markup.utils.sayaslangmanager.PhoneFormatter' (T:\\TunaRP\\Zero to Dev - Developer GUI\\markup\\utils\\sayaslangmanager\\PhoneFormatter.py)"}}
2025-10-17 20:48:43 | ERROR   | TTSMenuApp | {"timestamp": "2025-10-17T20:48:43.320863", "event": "ERROR", "data": {"action": "PREVIEW_FAIL", "error": "cannot import name 'format_phone_number' from 'markup.utils.sayaslangmanager.PhoneFormatter' (T:\\TunaRP\\Zero to Dev - Developer GUI\\markup\\utils\\sayaslangmanager\\PhoneFormatter.py)"}}
2025-10-17 20:49:24 | ERROR   | TTSMenuApp | {"timestamp": "2025-10-17T20:49:24.129507", "event": "ERROR", "data": {"action": "PREVIEW", "error": "Unknown TTS service: "}}
2025-10-17 20:51:36 | ERROR   | TTSMenuApp | {"timestamp": "2025-10-17T20:51:36.188744", "event": "ERROR", "data": {"action": "PREVIEW", "error": "Unknown TTS service: "}}
2025-10-17 20:55:54 | ERROR   | TTSMenuApp | {"timestamp": "2025-10-17T20:55:54.454152", "event": "ERROR", "data": {"action": "PREVIEW_FAIL", "error": "TTS failed after 1 attempts: Cannot connect to host api.msedgeservices.com:443 ssl:True [SSLCertVerificationError: (1, '[SSL: CERTIFICATE_VERIFY_FAILED] certificate verify failed: certificate has expired (_ssl.c:992)')]"}}
2025-10-17 20:56:17 | ERROR   | TTSMenuApp | {"timestamp": "2025-10-17T20:56:17.410821", "event": "ERROR", "data": {"action": "PREVIEW_FAIL", "error": "TTS failed after 1 attempts: Cannot connect to host api.msedgeservices.com:443 ssl:True [SSLCertVerificationError: (1, '[SSL: CERTIFICATE_VERIFY_FAILED] certificate verify failed: certificate has expired (_ssl.c:992)')]"}}
2025-10-17 20:56:30 | ERROR   | TTSMenuApp | {"timestamp": "2025-10-17T20:56:30.433011", "event": "ERROR", "data": {"action": "PREVIEW_FAIL", "error": "TTS failed after 1 attempts: Cannot connect to host api.msedgeservices.com:443 ssl:True [SSLCertVerificationError: (1, '[SSL: CERTIFICATE_VERIFY_FAILED] certificate verify failed: certificate has expired (_ssl.c:992)')]"}}
2025-10-17 20:56:42 | ERROR   | TTSMenuApp | {"timestamp": "2025-10-17T20:56:42.946154", "event": "ERROR", "data": {"action": "PREVIEW_FAIL", "error": "TTS failed after 1 attempts: Cannot connect to host api.msedgeservices.com:443 ssl:True [SSLCertVerificationError: (1, '[SSL: CERTIFICATE_VERIFY_FAILED] certificate verify failed: certificate has expired (_ssl.c:992)')]"}}
2025-10-17 21:00:50 | ERROR   | TTSMenuApp | {"timestamp": "2025-10-17T21:00:50.968565", "event": "ERROR", "data": {"action": "PREVIEW_FAIL", "error": "TTS failed after 1 attempts: Cannot connect to host api.msedgeservices.com:443 ssl:True [SSLCertVerificationError: (1, '[SSL: CERTIFICATE_VERIFY_FAILED] certificate verify failed: certificate has expired (_ssl.c:992)')]"}}
2025-10-17 21:08:25 | ERROR   | TTSMenuApp | {"timestamp": "2025-10-17T21:08:25.529212", "event": "ERROR", "data": {"action": "PREVIEW_FAIL", "error": "TTS failed after 1 attempts: Cannot connect to host api.msedgeservices.com:443 ssl:True [SSLCertVerificationError: (1, '[SSL: CERTIFICATE_VERIFY_FAILED] certificate verify failed: certificate has expired (_ssl.c:992)')]"}}
2025-10-17 21:23:24 | ERROR   | TTSMenuApp | {"timestamp": "2025-10-17T21:23:24.785830", "event": "ERROR", "data": {"action": "PREVIEW_FAIL", "error": "TTS failed after 1 attempts: Cannot connect to host api.msedgeservices.com:443 ssl:True [SSLCertVerificationError: (1, '[SSL: CERTIFICATE_VERIFY_FAILED] certificate verify failed: certificate has expired (_ssl.c:992)')]"}}
2025-10-17 21:24:39 | ERROR   | TTSMenuApp | {"timestamp": "2025-10-17T21:24:39.041760", "event": "ERROR", "data": {"action": "PREVIEW_FAIL", "error": "TTS failed after 1 attempts: Cannot connect to host api.msedgeservices.com:443 ssl:True [SSLCertVerificationError: (1, '[SSL: CERTIFICATE_VERIFY_FAILED] certificate verify failed: certificate has expired (_ssl.c:992)')]"}}
2025-10-17 21:29:06 | ERROR   | TTSMenuApp | {"timestamp": "2025-10-17T21:29:06.795392", "event": "ERROR", "data": {"action": "PREVIEW_FAIL", "error": "TTS failed after 1 attempts: Cannot connect to host api.msedgeservices.com:443 ssl:True [SSLCertVerificationError: (1, '[SSL: CERTIFICATE_VERIFY_FAILED] certificate verify failed: certificate has expired (_ssl.c:992)')]"}}
2025-10-17 22:08:21 | ERROR   | TTSMenuApp | {"timestamp": "2025-10-17T22:08:21.034220", "event": "ERROR", "data": {"action": "PREVIEW_FAIL", "error": "name 'msg' is not defined"}}
2025-10-17 22:13:23 | ERROR   | TTSMenuApp | {"timestamp": "2025-10-17T22:13:23.827430", "event": "ERROR", "data": {"action": "PREVIEW", "error": "Unknown TTS service: "}}
2025-10-17 22:13:38 | ERROR   | TTSMenuApp | {"timestamp": "2025-10-17T22:13:38.310015", "event": "ERROR", "data": {"action": "PREVIEW_FAIL", "error": "name '_play_with_simpleaudio' is not defined"}}
2025-10-17 22:17:55 | ERROR   | TTSMenuApp | {"timestamp": "2025-10-17T22:17:55.192553", "event": "ERROR", "data": {"action": "PREVIEW", "error": "Unknown TTS service: "}}
2025-10-17 22:19:53 | ERROR   | TTSMenuApp | {"timestamp": "2025-10-17T22:19:53.275721", "event": "ERROR", "data": {"action": "PREVIEW", "error": "Unknown TTS service: "}}
2025-10-17 22:19:57 | ERROR   | TTSMenuApp | {"timestamp": "2025-10-17T22:19:57.026812", "event": "ERROR", "data": {"action": "PREVIEW_FAIL", "error": "name 'threading' is not defined"}}
2025-10-17 22:24:40 | ERROR   | TTSMenuApp | {"timestamp": "2025-10-17T22:24:40.594538", "event": "ERROR", "data": {"action": "PREVIEW", "error": "Unknown TTS service: "}}
2025-10-17 22:24:44 | ERROR   | TTSMenuApp | {"timestamp": "2025-10-17T22:24:44.875782", "event": "ERROR", "data": {"action": "PREVIEW_FAIL", "error": "name 'AudioSegment' is not defined"}}
2025-10-17 22:25:20 | ERROR   | TTSMenuApp | {"timestamp": "2025-10-17T22:25:20.870384", "event": "ERROR", "data": {"action": "PREVIEW_FAIL", "error": "name 'BytesIO' is not defined"}}
2025-10-17 22:25:49 | ERROR   | TTSMenuApp | {"timestamp": "2025-10-17T22:25:49.268695", "event": "ERROR", "data": {"action": "PREVIEW", "error": "Unknown TTS service: "}}
2025-10-17 22:28:42 | ERROR   | TTSMenuApp | {"timestamp": "2025-10-17T22:28:42.531887", "event": "ERROR", "data": {"action": "PREVIEW", "error": "Unknown TTS service: "}}
2025-10-17 22:43:54 | ERROR   | TTSMenuApp | {"timestamp": "2025-10-17T22:43:54.686453", "event": "ERROR", "data": {"action": "PREVIEW", "error": "Unknown TTS service: "}}
2025-10-17 22:44:03 | ERROR   | TTSMenuApp | {"timestamp": "2025-10-17T22:44:03.578465", "event": "ERROR", "data": {"action": "PREVIEW_FAIL", "error": "name 'msg' is not defined"}}
2025-10-17 22:44:53 | ERROR   | TTSMenuApp | {"timestamp": "2025-10-17T22:44:53.095141", "event": "ERROR", "data": {"action": "PREVIEW", "error": "Unknown TTS service: "}}
2025-10-18 21:58:31 | ERROR   | TTSMenuApp | {"timestamp": "2025-10-18T21:58:31.167797", "event": "ERROR", "data": {"action": "PREVIEW", "error": "Unknown TTS service: "}}
2025-10-18 21:58:35 | ERROR   | TTSMenuApp | {"timestamp": "2025-10-18T21:58:35.651581", "event": "ERROR", "data": {"action": "PREVIEW", "error": "Unknown TTS service: "}}
2025-10-20 01:45:25 | ERROR   | TTSMenuApp | {"timestamp": "2025-10-20T01:45:25.698885", "event": "ERROR", "data": {"action": "CONVERT_FAIL", "error": "No text entered"}}
2025-10-20 01:45:29 | ERROR   | TTSMenuApp | {"timestamp": "2025-10-20T01:45:29.246901", "event": "ERROR", "data": {"action": "CONVERT_FAIL", "error": "Unknown TTS service: "}}
2025-10-20 01:45:35 | ERROR   | TTSMenuApp | {"timestamp": "2025-10-20T01:45:35.453919", "event": "ERROR", "data": {"action": "CONVERT_FAIL", "error": "Unknown TTS service: "}}
2025-10-20 01:47:42 | ERROR   | TTSMenuApp | {"timestamp": "2025-10-20T01:47:42.760768", "event": "ERROR", "data": {"action": "PREVIEW", "error": "No text entered"}}
2025-10-20 01:48:18 | ERROR   | TTSMenuApp | {"timestamp": "2025-10-20T01:48:18.760160", "event": "ERROR", "data": {"action": "PREVIEW", "error": "No text entered"}}
2025-10-20 01:48:21 | ERROR   | TTSMenuApp | {"timestamp": "2025-10-20T01:48:21.212746", "event": "ERROR", "data": {"action": "PREVIEW", "error": "No text entered"}}
2025-10-20 01:48:23 | ERROR   | TTSMenuApp | {"timestamp": "2025-10-20T01:48:23.259232", "event": "ERROR", "data": {"action": "PREVIEW", "error": "Unknown TTS service: "}}
2025-10-23 00:10:51 | WARNING | TTSMenuApp | {"timestamp": "2025-10-23T00:10:51.701897", "event": "WARNING", "data": {"action": "ZIP_PASSWORD", "message": "Password protection enabled but no password was set."}}
2025-10-23 02:16:41 | ERROR   | TTSMenuApp | {"timestamp": "2025-10-23T02:16:41.357569", "event": "ERROR", "data": {"action": "CONVERT_FAIL", "error": "No text entered"}}
2025-10-23 02:16:42 | ERROR   | TTSMenuApp | {"timestamp": "2025-10-23T02:16:42.635700", "event": "ERROR", "data": {"action": "PREVIEW", "error": "No text entered"}}
2025-10-23 02:23:30 | ERROR   | TTSMenuApp | {"timestamp": "2025-10-23T02:23:30.120833", "event": "ERROR", "data": {"action": "PREVIEW", "error": "Unknown TTS service: "}}
2025-10-23 02:23:32 | ERROR   | TTSMenuApp | {"timestamp": "2025-10-23T02:23:32.203602", "event": "ERROR", "data": {"action": "PREVIEW_FAIL", "error": "'int' object has no attribute 'split'"}}
2025-10-23 02:23:33 | ERROR   | TTSMenuApp | {"timestamp": "2025-10-23T02:23:33.933801", "event": "ERROR", "data": {"action": "PREVIEW_FAIL", "error": "'int' object has no attribute 'split'"}}
2025-10-23 02:23:40 | ERROR   | TTSMenuApp | {"timestamp": "2025-10-23T02:23:40.026813", "event": "ERROR", "data": {"action": "PREVIEW_FAIL", "error": "'int' object has no attribute 'split'"}}
2025-10-23 02:24:21 | ERROR   | LangManager | {"timestamp": "2025-10-23T02:24:21.574332", "event": "ERROR", "data": {"action": "LANG_FILE_INVALID", "error": "english.json: Expecting property name enclosed in double quotes: line 141 column 1 (char 7057)"}}
2025-10-23 02:24:21 | ERROR   | LangManager | {"timestamp": "2025-10-23T02:24:21.586023", "event": "ERROR", "data": {"action": "LANG_FILE_INVALID", "error": "german.json: Expecting property name enclosed in double quotes: line 141 column 1 (char 7749)"}}
2025-10-23 02:24:22 | ERROR   | Main | {"timestamp": "2025-10-23T02:24:22.199827", "event": "ERROR", "data": {"action": "APP_CRASH", "error": "'footer_char_counter'"}}
2025-10-23 02:24:46 | ERROR   | LangManager | {"timestamp": "2025-10-23T02:24:46.469913", "event": "ERROR", "data": {"action": "LANG_FILE_INVALID", "error": "english.json: Expecting property name enclosed in double quotes: line 141 column 1 (char 7057)"}}
2025-10-23 02:24:46 | ERROR   | LangManager | {"timestamp": "2025-10-23T02:24:46.481073", "event": "ERROR", "data": {"action": "LANG_FILE_INVALID", "error": "german.json: Expecting property name enclosed in double quotes: line 141 column 1 (char 7749)"}}
2025-10-23 02:24:47 | ERROR   | Main | {"timestamp": "2025-10-23T02:24:47.061665", "event": "ERROR", "data": {"action": "APP_CRASH", "error": "'footer_char_counter'"}}
2025-10-23 02:24:55 | ERROR   | LangManager | {"timestamp": "2025-10-23T02:24:55.426175", "event": "ERROR", "data": {"action": "LANG_FILE_INVALID", "error": "english.json: Expecting property name enclosed in double quotes: line 141 column 1 (char 7057)"}}
2025-10-23 02:24:55 | ERROR   | LangManager | {"timestamp": "2025-10-23T02:24:55.437791", "event": "ERROR", "data": {"action": "LANG_FILE_INVALID", "error": "german.json: Expecting property name enclosed in double quotes: line 141 column 1 (char 7749)"}}
2025-10-23 02:24:56 | ERROR   | Main | {"timestamp": "2025-10-23T02:24:56.034299", "event": "ERROR", "data": {"action": "APP_CRASH", "error": "'footer_char_counter'"}}
2025-10-23 02:25:13 | ERROR   | LangManager | {"timestamp": "2025-10-23T02:25:13.207330", "event": "ERROR", "data": {"action": "LANG_FILE_INVALID", "error": "english.json: Expecting property name enclosed in double quotes: line 141 column 1 (char 7057)"}}
2025-10-23 02:25:13 | ERROR   | LangManager | {"timestamp": "2025-10-23T02:25:13.218924", "event": "ERROR", "data": {"action": "LANG_FILE_INVALID", "error": "german.json: Expecting property name enclosed in double quotes: line 141 column 1 (char 7749)"}}
2025-10-23 02:25:13 | ERROR   | Main | {"timestamp": "2025-10-23T02:25:13.801178", "event": "ERROR", "data": {"action": "APP_CRASH", "error": "'footer_char_counter'"}}
2025-10-23 02:25:23 | ERROR   | LangManager | {"timestamp": "2025-10-23T02:25:23.839045", "event": "ERROR", "data": {"action": "LANG_FILE_INVALID", "error": "english.json: Expecting property name enclosed in double quotes: line 141 column 1 (char 7057)"}}
2025-10-23 02:25:23 | ERROR   | LangManager | {"timestamp": "2025-10-23T02:25:23.851116", "event": "ERROR", "data": {"action": "LANG_FILE_INVALID", "error": "german.json: Expecting property name enclosed in double quotes: line 141 column 1 (char 7749)"}}
2025-10-23 02:25:24 | ERROR   | Main | {"timestamp": "2025-10-23T02:25:24.438085", "event": "ERROR", "data": {"action": "APP_CRASH", "error": "'footer_char_counter'"}}
2025-10-23 02:25:50 | ERROR   | LangManager | {"timestamp": "2025-10-23T02:25:50.518649", "event": "ERROR", "data": {"action": "LANG_FILE_INVALID", "error": "german.json: Expecting property name enclosed in double quotes: line 141 column 1 (char 7749)"}}
2025-10-23 02:25:59 | ERROR   | TTSMenuApp | {"timestamp": "2025-10-23T02:25:59.393108", "event": "ERROR", "data": {"action": "PREVIEW", "error": "Unknown TTS service: "}}
2025-10-23 02:26:01 | ERROR   | TTSMenuApp | {"timestamp": "2025-10-23T02:26:01.552765", "event": "ERROR", "data": {"action": "PREVIEW_FAIL", "error": "'int' object has no attribute 'split'"}}
2025-10-23 02:26:52 | ERROR   | TTSMenuApp | {"timestamp": "2025-10-23T02:26:52.864778", "event": "ERROR", "data": {"action": "PREVIEW_FAIL", "error": "'int' object has no attribute 'split'"}}
2025-10-23 02:28:06 | ERROR   | LangManager | {"timestamp": "2025-10-23T02:28:06.848592", "event": "ERROR", "data": {"action": "LANG_FILE_INVALID", "error": "german.json: Expecting property name enclosed in double quotes: line 141 column 1 (char 7749)"}}
2025-10-23 02:28:18 | ERROR   | TTSMenuApp | {"timestamp": "2025-10-23T02:28:18.001947", "event": "ERROR", "data": {"action": "PREVIEW_FAIL", "error": "'int' object has no attribute 'split'"}}
2025-10-23 02:29:22 | ERROR   | TTSMenuApp | {"timestamp": "2025-10-23T02:29:22.269654", "event": "ERROR", "data": {"action": "PREVIEW_FAIL", "error": "'int' object has no attribute 'split'"}}
2025-10-23 02:29:28 | ERROR   | TTSMenuApp | {"timestamp": "2025-10-23T02:29:28.059887", "event": "ERROR", "data": {"action": "PREVIEW_FAIL", "error": "'int' object has no attribute 'split'"}}
2025-10-23 02:31:26 | ERROR   | LangManager | {"timestamp": "2025-10-23T02:31:26.120173", "event": "ERROR", "data": {"action": "LANG_FILE_INVALID", "error": "german.json: Expecting property name enclosed in double quotes: line 141 column 1 (char 7749)"}}
2025-10-23 02:31:30 | ERROR   | TTSMenuApp | {"timestamp": "2025-10-23T02:31:30.625043", "event": "ERROR", "data": {"action": "PREVIEW_FAIL", "error": "'int' object has no attribute 'split'"}}
2025-10-23 02:32:04 | ERROR   | LangManager | {"timestamp": "2025-10-23T02:32:04.428096", "event": "ERROR", "data": {"action": "LANG_FILE_INVALID", "error": "german.json: Expecting property name enclosed in double quotes: line 141 column 1 (char 7749)"}}
2025-10-23 02:34:44 | ERROR   | LangManager | {"timestamp": "2025-10-23T02:34:44.328435", "event": "ERROR", "data": {"action": "LANG_FILE_INVALID", "error": "german.json: Expecting property name enclosed in double quotes: line 141 column 1 (char 7749)"}}
2025-10-23 02:34:47 | ERROR   | TTSMenuApp | {"timestamp": "2025-10-23T02:34:47.728573", "event": "ERROR", "data": {"action": "PREVIEW_FAIL", "error": "name 'lang' is not defined"}}
2025-10-23 02:34:58 | ERROR   | TTSMenuApp | {"timestamp": "2025-10-23T02:34:58.606490", "event": "ERROR", "data": {"action": "PREVIEW_FAIL", "error": "name 'lang' is not defined"}}
2025-10-23 02:36:30 | ERROR   | LangManager | {"timestamp": "2025-10-23T02:36:30.815818", "event": "ERROR", "data": {"action": "LANG_FILE_INVALID", "error": "german.json: Expecting property name enclosed in double quotes: line 141 column 1 (char 7749)"}}
2025-10-23 02:36:36 | ERROR   | TTSMenuApp | {"timestamp": "2025-10-23T02:36:36.899223", "event": "ERROR", "data": {"action": "PREVIEW_FAIL", "error": "'str' object has no attribute 'get'"}}
2025-10-23 02:38:24 | ERROR   | TTSMenuApp | {"timestamp": "2025-10-23T02:38:24.345926", "event": "ERROR", "data": {"action": "PREVIEW_FAIL", "error": "'int' object has no attribute 'get'"}}
2025-10-23 02:38:27 | ERROR   | TTSMenuApp | {"timestamp": "2025-10-23T02:38:27.386661", "event": "ERROR", "data": {"action": "PREVIEW_FAIL", "error": "'str' object has no attribute 'get'"}}
2025-10-23 02:40:12 | ERROR   | LangManager | {"timestamp": "2025-10-23T02:40:12.581233", "event": "ERROR", "data": {"action": "LANG_FILE_INVALID", "error": "german.json: Expecting property name enclosed in double quotes: line 141 column 1 (char 7749)"}}
2025-10-23 02:40:33 | ERROR   | LangManager | {"timestamp": "2025-10-23T02:40:33.115131", "event": "ERROR", "data": {"action": "LANG_FILE_INVALID", "error": "german.json: Expecting property name enclosed in double quotes: line 141 column 1 (char 7749)"}}
2025-10-23 02:40:36 | ERROR   | TTSMenuApp | {"timestamp": "2025-10-23T02:40:36.303515", "event": "ERROR", "data": {"action": "PREVIEW", "error": "Unknown TTS service: "}}
2025-10-23 02:40:43 | ERROR   | LangManager | {"timestamp": "2025-10-23T02:40:43.552408", "event": "ERROR", "data": {"action": "LANG_FILE_INVALID", "error": "german.json: Expecting property name enclosed in double quotes: line 141 column 1 (char 7749)"}}
2025-10-23 02:40:44 | ERROR   | TTSMenuApp | {"timestamp": "2025-10-23T02:40:44.743009", "event": "ERROR", "data": {"action": "PREVIEW", "error": "No text entered"}}
2025-10-23 02:40:55 | ERROR   | TTSMenuApp | {"timestamp": "2025-10-23T02:40:55.956632", "event": "ERROR", "data": {"action": "PREVIEW_FAIL", "error": "'int' object has no attribute 'get'"}}
2025-10-23 02:42:31 | ERROR   | LangManager | {"timestamp": "2025-10-23T02:42:31.094070", "event": "ERROR", "data": {"action": "LANG_FILE_INVALID", "error": "german.json: Expecting property name enclosed in double quotes: line 141 column 1 (char 7749)"}}
2025-10-23 02:42:42 | ERROR   | LangManager | {"timestamp": "2025-10-23T02:42:42.890483", "event": "ERROR", "data": {"action": "LANG_FILE_INVALID", "error": "german.json: Expecting property name enclosed in double quotes: line 141 column 1 (char 7749)"}}
2025-10-23 02:42:43 | ERROR   | TTSMenuApp | {"timestamp": "2025-10-23T02:42:43.374596", "event": "ERROR", "data": {"action": "LANGUAGE_RELOAD_FAIL", "error": "'footer_char_counter'"}}
2025-10-23 02:43:19 | ERROR   | LangManager | {"timestamp": "2025-10-23T02:43:19.905087", "event": "ERROR", "data": {"action": "LANG_FILE_INVALID", "error": "german.json: Expecting property name enclosed in double quotes: line 141 column 1 (char 7749)"}}
2025-10-23 02:43:24 | ERROR   | LangManager | {"timestamp": "2025-10-23T02:43:24.027967", "event": "ERROR", "data": {"action": "LANG_FILE_INVALID", "error": "german.json: Expecting property name enclosed in double quotes: line 141 column 1 (char 7749)"}}
2025-10-23 02:43:28 | ERROR   | LangManager | {"timestamp": "2025-10-23T02:43:28.654249", "event": "ERROR", "data": {"action": "LANG_FILE_INVALID", "error": "german.json: Expecting property name enclosed in double quotes: line 141 column 1 (char 7749)"}}
2025-10-23 02:43:29 | ERROR   | TTSMenuApp | {"timestamp": "2025-10-23T02:43:29.143843", "event": "ERROR", "data": {"action": "LANGUAGE_RELOAD_FAIL", "error": "'footer_char_counter'"}}
2025-10-23 16:46:01 | ERROR   | TTSMenuApp | {"timestamp": "2025-10-23T16:46:01.589114", "event": "ERROR", "data": {"action": "CONVERT_FAIL", "error": "MicrosoftEdgeTTS.__init__() missing 1 required positional argument: 'ui_lang'"}}
2025-10-23 16:46:04 | ERROR   | TTSMenuApp | {"timestamp": "2025-10-23T16:46:04.295378", "event": "ERROR", "data": {"action": "CONVERT_FAIL", "error": "MicrosoftEdgeTTS.__init__() missing 1 required positional argument: 'ui_lang'"}}
